<?xml version="1.0" encoding="UTF-8"?><testsuite errors="1" failures="0" name="testcases.WordPressLoginTest" skipped="0" tests="1" time="14.26" timestamp="2021-02-12 04:35:16"><testcase classname="testcases.WordPressLoginTest" name="To test the native mobile application - WordPress"><error message="Could not instantiate new WebDriver instance of type class io.appium.java_client.AppiumDriver (Unable to create a new remote session. Please check the server log for more details. Original error: An unknown server-side error occurred while processing the command. Original error: Cannot start the 'org.wordpress.android' application. Visit https://github.com/appium/appium/blob/master/docs/en/writing-running-appium/android/activity-startup.md for troubleshooting. Original error: Error executing adbExec. Original error: 'Command 'C:\\Users\\rohan.sharma\\AppData\\Local\\Android\\Sdk\\platform-tools\\adb.exe -P 5037 -s RZ8M82FFEYT shell am start -W -n org.wordpress.android/org.wordpress.android.ui.accounts.LoginActivity -S -a android.intent.action.MAIN -c android.intent.category.LAUNCHER -f 0x10200000' exited with code 255'; Stderr: 'Exception occurred while executing 'start':&#13;&#10;java.lang.SecurityException: Permission Denial: starting Intent { act=android.intent.action.MAIN cat=[android.intent.category.LAUNCHER] flg=0x10200000 cmp=org.wordpress.android/.ui.accounts.LoginActivity } from null (pid=7112, uid=2000) not exported from uid 10053&#13;&#10;&#9;at com.android.server.wm.ActivityStackSupervisor.checkStartAnyActivityPermission(ActivityStackSupervisor.java:1314)&#13;&#10;&#9;at com.android.server.wm.ActivityStarter.executeRequest(ActivityStarter.java:1254)&#13;&#10;&#9;at com.android.server.wm.ActivityStarter.execute(ActivityStarter.java:888)&#13;&#10;&#9;at com.android.server.wm.ActivityTaskManagerService.startActivityAndWait(ActivityTaskManagerService.java:1947)&#13;&#10;&#9;at com.android.server.am.ActivityManagerService.startActivityAndWait(ActivityManagerService.java:4466)&#13;&#10;&#9;at com.android.server.am.ActivityManagerShellCommand.runStartActivity(ActivityManagerShellCommand.java:565)&#13;&#10;&#9;at com.android.server.am.ActivityManagerShellCommand.onCommand(ActivityManagerShellCommand.java:193)&#13;&#10;&#9;at android.os.BasicShellCommandHandler.exec(BasicShellCommandHandler.java:98)&#13;&#10;&#9;at android.os.ShellCommand.exec(ShellCommand.java:44)&#13;&#10;&#9;at com.android.server.am.ActivityManagerService.onShellCommand(ActivityManagerService.java:12855)&#13;&#10;&#9;at android.os.Binder.shellCommand(Binder.java:965)&#13;&#10;&#9;at android.os.Binder.onTransact(Binder.java:839)&#13;&#10;&#9;at android.app.IActivityManager$Stub.onTransact(IActivityManager.java:5966)&#13;&#10;&#9;at com.android.server.am.ActivityManagerService.onTransact(ActivityManagerService.java:3553)&#13;&#10;&#9;at android.os.Binder.execTransactInternal(Binder.java:1195)&#13;&#10;&#9;at android.os.Binder.execTransact(Binder.java:1159)'; Code: '255'&#10;Build info: version: '3.141.59', revision: 'e82be7d358', time: '2018-11-14T08:17:03'&#10;System info: host: '6KPDQ13-PC', ip: '10.242.6.65', os.name: 'Windows 10', os.arch: 'amd64', os.version: '10.0', java.version: '14.0.2'&#10;Driver info: driver.version: RemoteDriver&#10;remote stacktrace: UnknownError: An unknown server-side error occurred while processing the command. Original error: Cannot start the 'org.wordpress.android' application. Visit https://github.com/appium/appium/blob/master/docs/en/writing-running-appium/android/activity-startup.md for troubleshooting. Original error: Error executing adbExec. Original error: 'Command 'C:\\Users\\rohan.sharma\\AppData\\Local\\Android\\Sdk\\platform-tools\\adb.exe -P 5037 -s RZ8M82FFEYT shell am start -W -n org.wordpress.android/org.wordpress.android.ui.accounts.LoginActivity -S -a android.intent.action.MAIN -c android.intent.category.LAUNCHER -f 0x10200000' exited with code 255'; Stderr: 'Exception occurred while executing 'start':&#13;&#10;java.lang.SecurityException: Permission Denial: starting Intent { act=android.intent.action.MAIN cat=[android.intent.category.LAUNCHER] flg=0x10200000 cmp=org.wordpress.android/.ui.accounts.LoginActivity } from null (pid=7112, uid=2000) not exported from uid 10053&#13;&#10;&#9;at com.android.server.wm.ActivityStackSupervisor.checkStartAnyActivityPermission(ActivityStackSupervisor.java:1314)&#13;&#10;&#9;at com.android.server.wm.ActivityStarter.executeRequest(ActivityStarter.java:1254)&#13;&#10;&#9;at com.android.server.wm.ActivityStarter.execute(ActivityStarter.java:888)&#13;&#10;&#9;at com.android.server.wm.ActivityTaskManagerService.startActivityAndWait(ActivityTaskManagerService.java:1947)&#13;&#10;&#9;at com.android.server.am.ActivityManagerService.startActivityAndWait(ActivityManagerService.java:4466)&#13;&#10;&#9;at com.android.server.am.ActivityManagerShellCommand.runStartActivity(ActivityManagerShellCommand.java:565)&#13;&#10;&#9;at com.android.server.am.ActivityManagerShellCommand.onCommand(ActivityManagerShellCommand.java:193)&#13;&#10;&#9;at android.os.BasicShellCommandHandler.exec(BasicShellCommandHandler.java:98)&#13;&#10;&#9;at android.os.ShellCommand.exec(ShellCommand.java:44)&#13;&#10;&#9;at com.android.server.am.ActivityManagerService.onShellCommand(ActivityManagerService.java:12855)&#13;&#10;&#9;at android.os.Binder.shellCommand(Binder.java:965)&#13;&#10;&#9;at android.os.Binder.onTransact(Binder.java:839)&#13;&#10;&#9;at android.app.IActivityManager$Stub.onTransact(IActivityManager.java:5966)&#13;&#10;&#9;at com.android.server.am.ActivityManagerService.onTransact(ActivityManagerService.java:3553)&#13;&#10;&#9;at android.os.Binder.execTransactInternal(Binder.java:1195)&#13;&#10;&#9;at android.os.Binder.execTransact(Binder.java:1159)'; Code: '255'&#10;    at getResponseForW3CError (C:\Users\rohan.sharma\AppData\Local\Programs\Appium\resources\app\node_modules\appium\node_modules\appium-base-driver\lib\protocol\errors.js:804:9)&#10;    at asyncHandler (C:\Users\rohan.sharma\AppData\Local\Programs\Appium\resources\app\node_modules\appium\node_modules\appium-base-driver\lib\protocol\protocol.js:384:37)&#10;Build info: version: '3.141.59', revision: 'e82be7d358', time: '2018-11-14T08:17:03'&#10;System info: host: '6KPDQ13-PC', ip: '10.242.6.65', os.name: 'Windows 10', os.arch: 'amd64', os.version: '10.0', java.version: '14.0.2'&#10;Driver info: driver.version: RemoteDriver). See below for more details." type="net.thucydides.core.webdriver.DriverConfigurationError">Could not instantiate new WebDriver instance of type class io.appium.java_client.AppiumDriver (Unable to create a new remote session. Please check the server log for more details. Original error: An unknown server-side error occurred while processing the command. Original error: Cannot start the 'org.wordpress.android' application. Visit https://github.com/appium/appium/blob/master/docs/en/writing-running-appium/android/activity-startup.md for troubleshooting. Original error: Error executing adbExec. Original error: 'Command 'C:\\Users\\rohan.sharma\\AppData\\Local\\Android\\Sdk\\platform-tools\\adb.exe -P 5037 -s RZ8M82FFEYT shell am start -W -n org.wordpress.android/org.wordpress.android.ui.accounts.LoginActivity -S -a android.intent.action.MAIN -c android.intent.category.LAUNCHER -f 0x10200000' exited with code 255'; Stderr: 'Exception occurred while executing 'start':&#13;
java.lang.SecurityException: Permission Denial: starting Intent { act=android.intent.action.MAIN cat=[android.intent.category.LAUNCHER] flg=0x10200000 cmp=org.wordpress.android/.ui.accounts.LoginActivity } from null (pid=7112, uid=2000) not exported from uid 10053&#13;
	at com.android.server.wm.ActivityStackSupervisor.checkStartAnyActivityPermission(ActivityStackSupervisor.java:1314)&#13;
	at com.android.server.wm.ActivityStarter.executeRequest(ActivityStarter.java:1254)&#13;
	at com.android.server.wm.ActivityStarter.execute(ActivityStarter.java:888)&#13;
	at com.android.server.wm.ActivityTaskManagerService.startActivityAndWait(ActivityTaskManagerService.java:1947)&#13;
	at com.android.server.am.ActivityManagerService.startActivityAndWait(ActivityManagerService.java:4466)&#13;
	at com.android.server.am.ActivityManagerShellCommand.runStartActivity(ActivityManagerShellCommand.java:565)&#13;
	at com.android.server.am.ActivityManagerShellCommand.onCommand(ActivityManagerShellCommand.java:193)&#13;
	at android.os.BasicShellCommandHandler.exec(BasicShellCommandHandler.java:98)&#13;
	at android.os.ShellCommand.exec(ShellCommand.java:44)&#13;
	at com.android.server.am.ActivityManagerService.onShellCommand(ActivityManagerService.java:12855)&#13;
	at android.os.Binder.shellCommand(Binder.java:965)&#13;
	at android.os.Binder.onTransact(Binder.java:839)&#13;
	at android.app.IActivityManager$Stub.onTransact(IActivityManager.java:5966)&#13;
	at com.android.server.am.ActivityManagerService.onTransact(ActivityManagerService.java:3553)&#13;
	at android.os.Binder.execTransactInternal(Binder.java:1195)&#13;
	at android.os.Binder.execTransact(Binder.java:1159)'; Code: '255'
Build info: version: '3.141.59', revision: 'e82be7d358', time: '2018-11-14T08:17:03'
System info: host: '6KPDQ13-PC', ip: '10.242.6.65', os.name: 'Windows 10', os.arch: 'amd64', os.version: '10.0', java.version: '14.0.2'
Driver info: driver.version: RemoteDriver
remote stacktrace: UnknownError: An unknown server-side error occurred while processing the command. Original error: Cannot start the 'org.wordpress.android' application. Visit https://github.com/appium/appium/blob/master/docs/en/writing-running-appium/android/activity-startup.md for troubleshooting. Original error: Error executing adbExec. Original error: 'Command 'C:\\Users\\rohan.sharma\\AppData\\Local\\Android\\Sdk\\platform-tools\\adb.exe -P 5037 -s RZ8M82FFEYT shell am start -W -n org.wordpress.android/org.wordpress.android.ui.accounts.LoginActivity -S -a android.intent.action.MAIN -c android.intent.category.LAUNCHER -f 0x10200000' exited with code 255'; Stderr: 'Exception occurred while executing 'start':&#13;
java.lang.SecurityException: Permission Denial: starting Intent { act=android.intent.action.MAIN cat=[android.intent.category.LAUNCHER] flg=0x10200000 cmp=org.wordpress.android/.ui.accounts.LoginActivity } from null (pid=7112, uid=2000) not exported from uid 10053&#13;
	at com.android.server.wm.ActivityStackSupervisor.checkStartAnyActivityPermission(ActivityStackSupervisor.java:1314)&#13;
	at com.android.server.wm.ActivityStarter.executeRequest(ActivityStarter.java:1254)&#13;
	at com.android.server.wm.ActivityStarter.execute(ActivityStarter.java:888)&#13;
	at com.android.server.wm.ActivityTaskManagerService.startActivityAndWait(ActivityTaskManagerService.java:1947)&#13;
	at com.android.server.am.ActivityManagerService.startActivityAndWait(ActivityManagerService.java:4466)&#13;
	at com.android.server.am.ActivityManagerShellCommand.runStartActivity(ActivityManagerShellCommand.java:565)&#13;
	at com.android.server.am.ActivityManagerShellCommand.onCommand(ActivityManagerShellCommand.java:193)&#13;
	at android.os.BasicShellCommandHandler.exec(BasicShellCommandHandler.java:98)&#13;
	at android.os.ShellCommand.exec(ShellCommand.java:44)&#13;
	at com.android.server.am.ActivityManagerService.onShellCommand(ActivityManagerService.java:12855)&#13;
	at android.os.Binder.shellCommand(Binder.java:965)&#13;
	at android.os.Binder.onTransact(Binder.java:839)&#13;
	at android.app.IActivityManager$Stub.onTransact(IActivityManager.java:5966)&#13;
	at com.android.server.am.ActivityManagerService.onTransact(ActivityManagerService.java:3553)&#13;
	at android.os.Binder.execTransactInternal(Binder.java:1195)&#13;
	at android.os.Binder.execTransact(Binder.java:1159)'; Code: '255'
    at getResponseForW3CError (C:\Users\rohan.sharma\AppData\Local\Programs\Appium\resources\app\node_modules\appium\node_modules\appium-base-driver\lib\protocol\errors.js:804:9)
    at asyncHandler (C:\Users\rohan.sharma\AppData\Local\Programs\Appium\resources\app\node_modules\appium\node_modules\appium-base-driver\lib\protocol\protocol.js:384:37)
Build info: version: '3.141.59', revision: 'e82be7d358', time: '2018-11-14T08:17:03'
System info: host: '6KPDQ13-PC', ip: '10.242.6.65', os.name: 'Windows 10', os.arch: 'amd64', os.version: '10.0', java.version: '14.0.2'
Driver info: driver.version: RemoteDriver). See below for more details.</error><system-err>Could not instantiate new WebDriver instance of type class io.appium.java_client.AppiumDriver (Unable to create a new remote session. Please check the server log for more details. Original error: An unknown server-side error occurred while processing the command. Original error: Cannot start the 'org.wordpress.android' application. Visit https://github.com/appium/appium/blob/master/docs/en/writing-running-appium/android/activity-startup.md for troubleshooting. Original error: Error executing adbExec. Original error: 'Command 'C:\\Users\\rohan.sharma\\AppData\\Local\\Android\\Sdk\\platform-tools\\adb.exe -P 5037 -s RZ8M82FFEYT shell am start -W -n org.wordpress.android/org.wordpress.android.ui.accounts.LoginActivity -S -a android.intent.action.MAIN -c android.intent.category.LAUNCHER -f 0x10200000' exited with code 255'; Stderr: 'Exception occurred while executing 'start':&#13;
java.lang.SecurityException: Permission Denial: starting Intent { act=android.intent.action.MAIN cat=[android.intent.category.LAUNCHER] flg=0x10200000 cmp=org.wordpress.android/.ui.accounts.LoginActivity } from null (pid=7112, uid=2000) not exported from uid 10053&#13;
	at com.android.server.wm.ActivityStackSupervisor.checkStartAnyActivityPermission(ActivityStackSupervisor.java:1314)&#13;
	at com.android.server.wm.ActivityStarter.executeRequest(ActivityStarter.java:1254)&#13;
	at com.android.server.wm.ActivityStarter.execute(ActivityStarter.java:888)&#13;
	at com.android.server.wm.ActivityTaskManagerService.startActivityAndWait(ActivityTaskManagerService.java:1947)&#13;
	at com.android.server.am.ActivityManagerService.startActivityAndWait(ActivityManagerService.java:4466)&#13;
	at com.android.server.am.ActivityManagerShellCommand.runStartActivity(ActivityManagerShellCommand.java:565)&#13;
	at com.android.server.am.ActivityManagerShellCommand.onCommand(ActivityManagerShellCommand.java:193)&#13;
	at android.os.BasicShellCommandHandler.exec(BasicShellCommandHandler.java:98)&#13;
	at android.os.ShellCommand.exec(ShellCommand.java:44)&#13;
	at com.android.server.am.ActivityManagerService.onShellCommand(ActivityManagerService.java:12855)&#13;
	at android.os.Binder.shellCommand(Binder.java:965)&#13;
	at android.os.Binder.onTransact(Binder.java:839)&#13;
	at android.app.IActivityManager$Stub.onTransact(IActivityManager.java:5966)&#13;
	at com.android.server.am.ActivityManagerService.onTransact(ActivityManagerService.java:3553)&#13;
	at android.os.Binder.execTransactInternal(Binder.java:1195)&#13;
	at android.os.Binder.execTransact(Binder.java:1159)'; Code: '255'
Build info: version: '3.141.59', revision: 'e82be7d358', time: '2018-11-14T08:17:03'
System info: host: '6KPDQ13-PC', ip: '10.242.6.65', os.name: 'Windows 10', os.arch: 'amd64', os.version: '10.0', java.version: '14.0.2'
Driver info: driver.version: RemoteDriver
remote stacktrace: UnknownError: An unknown server-side error occurred while processing the command. Original error: Cannot start the 'org.wordpress.android' application. Visit https://github.com/appium/appium/blob/master/docs/en/writing-running-appium/android/activity-startup.md for troubleshooting. Original error: Error executing adbExec. Original error: 'Command 'C:\\Users\\rohan.sharma\\AppData\\Local\\Android\\Sdk\\platform-tools\\adb.exe -P 5037 -s RZ8M82FFEYT shell am start -W -n org.wordpress.android/org.wordpress.android.ui.accounts.LoginActivity -S -a android.intent.action.MAIN -c android.intent.category.LAUNCHER -f 0x10200000' exited with code 255'; Stderr: 'Exception occurred while executing 'start':&#13;
java.lang.SecurityException: Permission Denial: starting Intent { act=android.intent.action.MAIN cat=[android.intent.category.LAUNCHER] flg=0x10200000 cmp=org.wordpress.android/.ui.accounts.LoginActivity } from null (pid=7112, uid=2000) not exported from uid 10053&#13;
	at com.android.server.wm.ActivityStackSupervisor.checkStartAnyActivityPermission(ActivityStackSupervisor.java:1314)&#13;
	at com.android.server.wm.ActivityStarter.executeRequest(ActivityStarter.java:1254)&#13;
	at com.android.server.wm.ActivityStarter.execute(ActivityStarter.java:888)&#13;
	at com.android.server.wm.ActivityTaskManagerService.startActivityAndWait(ActivityTaskManagerService.java:1947)&#13;
	at com.android.server.am.ActivityManagerService.startActivityAndWait(ActivityManagerService.java:4466)&#13;
	at com.android.server.am.ActivityManagerShellCommand.runStartActivity(ActivityManagerShellCommand.java:565)&#13;
	at com.android.server.am.ActivityManagerShellCommand.onCommand(ActivityManagerShellCommand.java:193)&#13;
	at android.os.BasicShellCommandHandler.exec(BasicShellCommandHandler.java:98)&#13;
	at android.os.ShellCommand.exec(ShellCommand.java:44)&#13;
	at com.android.server.am.ActivityManagerService.onShellCommand(ActivityManagerService.java:12855)&#13;
	at android.os.Binder.shellCommand(Binder.java:965)&#13;
	at android.os.Binder.onTransact(Binder.java:839)&#13;
	at android.app.IActivityManager$Stub.onTransact(IActivityManager.java:5966)&#13;
	at com.android.server.am.ActivityManagerService.onTransact(ActivityManagerService.java:3553)&#13;
	at android.os.Binder.execTransactInternal(Binder.java:1195)&#13;
	at android.os.Binder.execTransact(Binder.java:1159)'; Code: '255'
    at getResponseForW3CError (C:\Users\rohan.sharma\AppData\Local\Programs\Appium\resources\app\node_modules\appium\node_modules\appium-base-driver\lib\protocol\errors.js:804:9)
    at asyncHandler (C:\Users\rohan.sharma\AppData\Local\Programs\Appium\resources\app\node_modules\appium\node_modules\appium-base-driver\lib\protocol\protocol.js:384:37)
Build info: version: '3.141.59', revision: 'e82be7d358', time: '2018-11-14T08:17:03'
System info: host: '6KPDQ13-PC', ip: '10.242.6.65', os.name: 'Windows 10', os.arch: 'amd64', os.version: '10.0', java.version: '14.0.2'
Driver info: driver.version: RemoteDriver). See below for more details.&#13;
org.eclipse.jdt.internal.junit4.runner.JUnit4TestReference.run(JUnit4TestReference.java:89)&#13;
org.eclipse.jdt.internal.junit.runner.TestExecution.run(TestExecution.java:41)&#13;
org.eclipse.jdt.internal.junit.runner.RemoteTestRunner.runTests(RemoteTestRunner.java:542)&#13;
org.eclipse.jdt.internal.junit.runner.RemoteTestRunner.runTests(RemoteTestRunner.java:770)&#13;
org.eclipse.jdt.internal.junit.runner.RemoteTestRunner.run(RemoteTestRunner.java:464)&#13;
org.eclipse.jdt.internal.junit.runner.RemoteTestRunner.main(RemoteTestRunner.java:210)&#13;
</system-err></testcase></testsuite>