<?xml version="1.0" encoding="UTF-8"?><testsuite errors="1" failures="0" name="testcases.SamsungDialerTest" skipped="0" tests="1" time="31.75" timestamp="2021-02-13 03:39:06"><testcase classname="testcases.SamsungDialerTest" name="Dialer test"><error message="An element could not be located on the page using the given search parameters.&#10;For documentation on this error, please visit: https://www.seleniumhq.org/exceptions/no_such_element.html&#10;Build info: version: '3.141.59', revision: 'e82be7d358', time: '2018-11-14T08:17:03'&#10;System info: host: '6KPDQ13-PC', ip: '192.168.0.9', os.name: 'Windows 10', os.arch: 'amd64', os.version: '10.0', java.version: '14.0.2'&#10;Driver info: io.appium.java_client.android.AndroidDriver&#10;Capabilities {app: C:/Users/rohan.sharma/Seren..., appActivity: com.google.android.apps.you..., appPackage: com.google.android.youtube, chromeOptions: {w3c: false}, databaseEnabled: false, desired: {app: C:/Users/rohan.sharma/Seren..., appActivity: com.google.android.apps.you..., appPackage: com.google.android.youtube, chromeOptions: {w3c: false}, deviceName: Pixel, hub: http://127.0.0.1:4723/wd/hub, ignoreHiddenApiPolicyError: true, loggingPrefs: {}, noReset: true, platformName: android, platformVersion: 11}, deviceApiLevel: 30, deviceManufacturer: Google, deviceModel: sdk_gphone_x86_arm, deviceName: emulator-5554, deviceScreenDensity: 440, deviceScreenSize: 1080x2220, deviceUDID: emulator-5554, hub: http://127.0.0.1:4723/wd/hub, ignoreHiddenApiPolicyError: true, javascriptEnabled: true, locationContextEnabled: false, loggingPrefs: org.openqa.selenium.logging..., networkConnectionEnabled: true, noReset: true, pixelRatio: 2.75, platform: LINUX, platformName: Android, platformVersion: 11, statBarHeight: 66, takesScreenshot: true, viewportRect: {height: 2022, left: 0, top: 66, width: 1080}, warnings: {}, webStorageEnabled: false}&#10;Session ID: 5615aaaa-cef9-41a3-ae4c-d571b43334c0&#10;*** Element info: {Using=id, value=com.sec.android.app.camera:id/shooting_mode_item_button}" type="org.openqa.selenium.NoSuchElementException">An element could not be located on the page using the given search parameters.
For documentation on this error, please visit: https://www.seleniumhq.org/exceptions/no_such_element.html
Build info: version: '3.141.59', revision: 'e82be7d358', time: '2018-11-14T08:17:03'
System info: host: '6KPDQ13-PC', ip: '192.168.0.9', os.name: 'Windows 10', os.arch: 'amd64', os.version: '10.0', java.version: '14.0.2'
Driver info: io.appium.java_client.android.AndroidDriver
Capabilities {app: C:/Users/rohan.sharma/Seren..., appActivity: com.google.android.apps.you..., appPackage: com.google.android.youtube, chromeOptions: {w3c: false}, databaseEnabled: false, desired: {app: C:/Users/rohan.sharma/Seren..., appActivity: com.google.android.apps.you..., appPackage: com.google.android.youtube, chromeOptions: {w3c: false}, deviceName: Pixel, hub: http://127.0.0.1:4723/wd/hub, ignoreHiddenApiPolicyError: true, loggingPrefs: {}, noReset: true, platformName: android, platformVersion: 11}, deviceApiLevel: 30, deviceManufacturer: Google, deviceModel: sdk_gphone_x86_arm, deviceName: emulator-5554, deviceScreenDensity: 440, deviceScreenSize: 1080x2220, deviceUDID: emulator-5554, hub: http://127.0.0.1:4723/wd/hub, ignoreHiddenApiPolicyError: true, javascriptEnabled: true, locationContextEnabled: false, loggingPrefs: org.openqa.selenium.logging..., networkConnectionEnabled: true, noReset: true, pixelRatio: 2.75, platform: LINUX, platformName: Android, platformVersion: 11, statBarHeight: 66, takesScreenshot: true, viewportRect: {height: 2022, left: 0, top: 66, width: 1080}, warnings: {}, webStorageEnabled: false}
Session ID: 5615aaaa-cef9-41a3-ae4c-d571b43334c0
*** Element info: {Using=id, value=com.sec.android.app.camera:id/shooting_mode_item_button}</error><system-err>An element could not be located on the page using the given search parameters.
For documentation on this error, please visit: https://www.seleniumhq.org/exceptions/no_such_element.html
Build info: version: '3.141.59', revision: 'e82be7d358', time: '2018-11-14T08:17:03'
System info: host: '6KPDQ13-PC', ip: '192.168.0.9', os.name: 'Windows 10', os.arch: 'amd64', os.version: '10.0', java.version: '14.0.2'
Driver info: io.appium.java_client.android.AndroidDriver
Capabilities {app: C:/Users/rohan.sharma/Seren..., appActivity: com.google.android.apps.you..., appPackage: com.google.android.youtube, chromeOptions: {w3c: false}, databaseEnabled: false, desired: {app: C:/Users/rohan.sharma/Seren..., appActivity: com.google.android.apps.you..., appPackage: com.google.android.youtube, chromeOptions: {w3c: false}, deviceName: Pixel, hub: http://127.0.0.1:4723/wd/hub, ignoreHiddenApiPolicyError: true, loggingPrefs: {}, noReset: true, platformName: android, platformVersion: 11}, deviceApiLevel: 30, deviceManufacturer: Google, deviceModel: sdk_gphone_x86_arm, deviceName: emulator-5554, deviceScreenDensity: 440, deviceScreenSize: 1080x2220, deviceUDID: emulator-5554, hub: http://127.0.0.1:4723/wd/hub, ignoreHiddenApiPolicyError: true, javascriptEnabled: true, locationContextEnabled: false, loggingPrefs: org.openqa.selenium.logging..., networkConnectionEnabled: true, noReset: true, pixelRatio: 2.75, platform: LINUX, platformName: Android, platformVersion: 11, statBarHeight: 66, takesScreenshot: true, viewportRect: {height: 2022, left: 0, top: 66, width: 1080}, warnings: {}, webStorageEnabled: false}
Session ID: 5615aaaa-cef9-41a3-ae4c-d571b43334c0
*** Element info: {Using=id, value=com.sec.android.app.camera:id/shooting_mode_item_button}&#13;
io.appium.java_client.remote.AppiumCommandExecutor.execute(AppiumCommandExecutor.java:239)&#13;
io.appium.java_client.DefaultGenericMobileDriver.execute(DefaultGenericMobileDriver.java:41)&#13;
io.appium.java_client.AppiumDriver.execute(AppiumDriver.java:1)&#13;
io.appium.java_client.android.AndroidDriver.execute(AndroidDriver.java:1)&#13;
io.appium.java_client.DefaultGenericMobileDriver.findElement(DefaultGenericMobileDriver.java:61)&#13;
io.appium.java_client.AppiumDriver.findElement(AppiumDriver.java:1)&#13;
io.appium.java_client.android.AndroidDriver.findElement(AndroidDriver.java:1)&#13;
io.appium.java_client.DefaultGenericMobileDriver.findElementById(DefaultGenericMobileDriver.java:69)&#13;
io.appium.java_client.AppiumDriver.findElementById(AppiumDriver.java:1)&#13;
io.appium.java_client.android.AndroidDriver.findElementById(AndroidDriver.java:1)&#13;
io.appium.java_client.DefaultGenericMobileDriver.findElement(DefaultGenericMobileDriver.java:57)&#13;
io.appium.java_client.AppiumDriver.findElement(AppiumDriver.java:1)&#13;
io.appium.java_client.android.AndroidDriver.findElement(AndroidDriver.java:1)&#13;
testcases.SamsungDialerTest.dialerTest(SamsungDialerTest.java:27)&#13;
org.eclipse.jdt.internal.junit4.runner.JUnit4TestReference.run(JUnit4TestReference.java:89)&#13;
org.eclipse.jdt.internal.junit.runner.TestExecution.run(TestExecution.java:41)&#13;
org.eclipse.jdt.internal.junit.runner.RemoteTestRunner.runTests(RemoteTestRunner.java:542)&#13;
org.eclipse.jdt.internal.junit.runner.RemoteTestRunner.runTests(RemoteTestRunner.java:770)&#13;
org.eclipse.jdt.internal.junit.runner.RemoteTestRunner.run(RemoteTestRunner.java:464)&#13;
org.eclipse.jdt.internal.junit.runner.RemoteTestRunner.main(RemoteTestRunner.java:210)&#13;
</system-err></testcase></testsuite>